c:\users\nils\source\repos\recat\recat\debug\recat.pch
c:\users\nils\source\repos\recat\recat\debug\vc141.pdb
c:\users\nils\source\repos\recat\recat\debug\vc141.idb
c:\users\nils\source\repos\recat\recat\debug\pch.obj
c:\users\nils\source\repos\recat\recat\debug\timerradar.obj
c:\users\nils\source\repos\recat\recat\debug\recat2.obj
c:\users\nils\source\repos\recat\recat\debug\recat.obj
c:\users\nils\source\repos\recat\debug\recat.ilk
c:\users\nils\source\repos\recat\debug\recat.dll
c:\users\nils\source\repos\recat\debug\recat.pdb
c:\users\nils\source\repos\recat\recat\debug\recat.res
c:\users\nils\source\repos\recat\debug\recat.lib
c:\users\nils\source\repos\recat\debug\recat.exp
c:\users\nils\source\repos\recat\recat\debug\recat.tlog\cl.command.1.tlog
c:\users\nils\source\repos\recat\recat\debug\recat.tlog\cl.read.1.tlog
c:\users\nils\source\repos\recat\recat\debug\recat.tlog\cl.write.1.tlog
c:\users\nils\source\repos\recat\recat\debug\recat.tlog\link.command.1.tlog
c:\users\nils\source\repos\recat\recat\debug\recat.tlog\link.read.1.tlog
c:\users\nils\source\repos\recat\recat\debug\recat.tlog\link.write.1.tlog
c:\users\nils\source\repos\recat\recat\debug\recat.tlog\rc.command.1.tlog
c:\users\nils\source\repos\recat\recat\debug\recat.tlog\rc.read.1.tlog
c:\users\nils\source\repos\recat\recat\debug\recat.tlog\rc.write.1.tlog
c:\users\nils\source\repos\recat\recat\debug\recat.tlog\recat.write.1u.tlog
