  pch.cpp
  Countdown.hpp
  RECAT.cpp
c:\users\nils\source\repos\recat\recat\csv.h(173): warning C4244: 'return': conversion from 'std::streamsize' to 'int', possible loss of data
c:\users\nils\source\repos\recat\recat\csv.h(189): warning C4244: '=': conversion from '__int64' to 'int', possible loss of data
  RECAT2.cpp
c:\users\nils\source\repos\recat\recat\csv.h(173): warning C4244: 'return': conversion from 'std::streamsize' to 'int', possible loss of data
c:\users\nils\source\repos\recat\recat\csv.h(189): warning C4244: '=': conversion from '__int64' to 'int', possible loss of data
  TimerRadar.cpp
c:\users\nils\source\repos\recat\recat\csv.h(173): warning C4244: 'return': conversion from 'std::streamsize' to 'int', possible loss of data
c:\users\nils\source\repos\recat\recat\csv.h(189): warning C4244: '=': conversion from '__int64' to 'int', possible loss of data
c:\users\nils\source\repos\recat\recat\timerradar.cpp(63): warning C4553: '==': result of expression not used; did you intend '='?
c:\users\nils\source\repos\recat\recat\timerradar.cpp(117): warning C4244: 'argument': conversion from 'int' to 'Gdiplus::REAL', possible loss of data
c:\users\nils\source\repos\recat\recat\timerradar.cpp(117): warning C4244: 'argument': conversion from 'LONG' to 'Gdiplus::REAL', possible loss of data
c:\users\nils\source\repos\recat\recat\timerradar.cpp(125): warning C4244: 'argument': conversion from 'int' to 'Gdiplus::REAL', possible loss of data
c:\users\nils\source\repos\recat\recat\timerradar.cpp(125): warning C4244: 'argument': conversion from 'LONG' to 'Gdiplus::REAL', possible loss of data
     Creating library C:\Users\Nils\source\repos\RECAT\Release\RECAT.lib and object C:\Users\Nils\source\repos\RECAT\Release\RECAT.exp
  Generating code
  1237 of 2485 functions (49.8%) were compiled, the rest were copied from previous compilation.
    525 functions were new in current compilation
    108 functions had inline decision re-evaluated but remain unchanged
  Finished generating code
  RECAT.vcxproj -> C:\Users\Nils\source\repos\RECAT\Release\RECAT.dll
